Processing images in: viscosity/large_dataset/data/vial_9/constant_motion_speed_50/images
Processing images in: viscosity/large_dataset/data/vial_9/constant_motion_speed_120/images
Processing images in: viscosity/large_dataset/data/vial_9/sinusoidal_motion_freq_.20/images
Processing images in: viscosity/large_dataset/data/vial_9/constant_pause_motion_speed_80_pause_time_0.5/images
Processing images in: viscosity/large_dataset/data/vial_9/constant_pause_motion_speed_50_pause_time_0.5/images
Processing images in: viscosity/large_dataset/data/vial_9/constant_motion_speed_160/images
Processing images in: viscosity/large_dataset/data/vial_9/sinusoidal_motion_freq_1.00/images
Processing images in: viscosity/large_dataset/data/vial_9/constant_pause_motion_speed_160_pause_time_0.5/images
Processing images in: viscosity/large_dataset/data/vial_9/constant_motion_speed_80/images
Processing images in: viscosity/large_dataset/data/vial_9/sinusoidal_motion_freq_.50/images
Processing images in: viscosity/large_dataset/data/vial_9/sinusoidal_motion_freq_.25/images
Processing images in: viscosity/large_dataset/data/vial_9/constant_pause_motion_speed_20_pause_time_0.5/images
Processing images in: viscosity/large_dataset/data/vial_9/constant_pause_motion_speed_120_pause_time_0.5/images
Processing images in: viscosity/large_dataset/data/vial_9/sinusoidal_motion_freq_.33/images
Processing images in: viscosity/large_dataset/data/vial_9/constant_motion_speed_20/images
Processing images in: viscosity/large_dataset/data/vial_16/constant_motion_speed_50/images
Processing images in: viscosity/large_dataset/data/vial_16/constant_motion_speed_120/images
Processing images in: viscosity/large_dataset/data/vial_16/sinusoidal_motion_freq_.20/images
Processing images in: viscosity/large_dataset/data/vial_16/constant_pause_motion_speed_80_pause_time_0.5/images
Processing images in: viscosity/large_dataset/data/vial_16/constant_pause_motion_speed_50_pause_time_0.5/images
Processing images in: viscosity/large_dataset/data/vial_16/constant_motion_speed_160/images
Processing images in: viscosity/large_dataset/data/vial_16/sinusoidal_motion_freq_1.00/images
Processing images in: viscosity/large_dataset/data/vial_16/constant_pause_motion_speed_160_pause_time_0.5/images
Processing images in: viscosity/large_dataset/data/vial_16/constant_motion_speed_80/images
Processing images in: viscosity/large_dataset/data/vial_16/sinusoidal_motion_freq_.50/images
Processing images in: viscosity/large_dataset/data/vial_16/sinusoidal_motion_freq_.25/images
Processing images in: viscosity/large_dataset/data/vial_16/constant_pause_motion_speed_20_pause_time_0.5/images
Processing images in: viscosity/large_dataset/data/vial_16/constant_pause_motion_speed_120_pause_time_0.5/images
Processing images in: viscosity/large_dataset/data/vial_16/sinusoidal_motion_freq_.33/images
Processing images in: viscosity/large_dataset/data/vial_16/constant_motion_speed_20/images
Processing images in: viscosity/large_dataset/data/vial_28/constant_motion_speed_50/images
Processing images in: viscosity/large_dataset/data/vial_28/constant_motion_speed_120/images
Processing images in: viscosity/large_dataset/data/vial_28/sinusoidal_motion_freq_.20/images
Processing images in: viscosity/large_dataset/data/vial_28/constant_pause_motion_speed_80_pause_time_0.5/images
Processing images in: viscosity/large_dataset/data/vial_28/constant_pause_motion_speed_50_pause_time_0.5/images
Processing images in: viscosity/large_dataset/data/vial_28/constant_motion_speed_160/images
Processing images in: viscosity/large_dataset/data/vial_28/sinusoidal_motion_freq_1.00/images
Processing images in: viscosity/large_dataset/data/vial_28/constant_pause_motion_speed_160_pause_time_0.5/images
Processing images in: viscosity/large_dataset/data/vial_28/constant_motion_speed_80/images
Processing images in: viscosity/large_dataset/data/vial_28/sinusoidal_motion_freq_.50/images
Processing images in: viscosity/large_dataset/data/vial_28/sinusoidal_motion_freq_.25/images
Processing images in: viscosity/large_dataset/data/vial_28/constant_pause_motion_speed_20_pause_time_0.5/images
Processing images in: viscosity/large_dataset/data/vial_28/constant_pause_motion_speed_120_pause_time_0.5/images
Processing images in: viscosity/large_dataset/data/vial_28/sinusoidal_motion_freq_.33/images
Processing images in: viscosity/large_dataset/data/vial_28/constant_motion_speed_20/images
Processing images in: viscosity/large_dataset/data/vial_17/constant_motion_speed_50/images
Processing images in: viscosity/large_dataset/data/vial_17/constant_motion_speed_120/images
Processing images in: viscosity/large_dataset/data/vial_17/sinusoidal_motion_freq_.20/images
Processing images in: viscosity/large_dataset/data/vial_17/constant_pause_motion_speed_80_pause_time_0.5/images
Processing images in: viscosity/large_dataset/data/vial_17/constant_pause_motion_speed_50_pause_time_0.5/images
Processing images in: viscosity/large_dataset/data/vial_17/constant_motion_speed_160/images
Processing images in: viscosity/large_dataset/data/vial_17/sinusoidal_motion_freq_1.00/images
Processing images in: viscosity/large_dataset/data/vial_17/constant_pause_motion_speed_160_pause_time_0.5/images
Processing images in: viscosity/large_dataset/data/vial_17/constant_motion_speed_80/images
Processing images in: viscosity/large_dataset/data/vial_17/sinusoidal_motion_freq_.50/images
Processing images in: viscosity/large_dataset/data/vial_17/sinusoidal_motion_freq_.25/images
Processing images in: viscosity/large_dataset/data/vial_17/constant_pause_motion_speed_20_pause_time_0.5/images
Processing images in: viscosity/large_dataset/data/vial_17/constant_pause_motion_speed_120_pause_time_0.5/images
Processing images in: viscosity/large_dataset/data/vial_17/sinusoidal_motion_freq_.33/images
Processing images in: viscosity/large_dataset/data/vial_17/constant_motion_speed_20/images
Processing images in: viscosity/large_dataset/data/vial_30/constant_motion_speed_50/images
Processing images in: viscosity/large_dataset/data/vial_30/constant_motion_speed_120/images
Processing images in: viscosity/large_dataset/data/vial_30/sinusoidal_motion_freq_.20/images
Processing images in: viscosity/large_dataset/data/vial_30/constant_pause_motion_speed_80_pause_time_0.5/images
Processing images in: viscosity/large_dataset/data/vial_30/constant_pause_motion_speed_50_pause_time_0.5/images
Processing images in: viscosity/large_dataset/data/vial_30/constant_motion_speed_160/images
Processing images in: viscosity/large_dataset/data/vial_30/sinusoidal_motion_freq_1.00/images
Processing images in: viscosity/large_dataset/data/vial_30/constant_pause_motion_speed_160_pause_time_0.5/images
Processing images in: viscosity/large_dataset/data/vial_30/constant_motion_speed_80/images
Processing images in: viscosity/large_dataset/data/vial_30/sinusoidal_motion_freq_.50/images
Processing images in: viscosity/large_dataset/data/vial_30/sinusoidal_motion_freq_.25/images
Processing images in: viscosity/large_dataset/data/vial_30/constant_pause_motion_speed_20_pause_time_0.5/images
Processing images in: viscosity/large_dataset/data/vial_30/constant_pause_motion_speed_120_pause_time_0.5/images
Processing images in: viscosity/large_dataset/data/vial_30/sinusoidal_motion_freq_.33/images
Processing images in: viscosity/large_dataset/data/vial_30/constant_motion_speed_20/images
Processing images in: viscosity/large_dataset/data/vial_10/constant_motion_speed_50/images
Processing images in: viscosity/large_dataset/data/vial_10/constant_motion_speed_120/images
Processing images in: viscosity/large_dataset/data/vial_10/sinusoidal_motion_freq_.20/images
Processing images in: viscosity/large_dataset/data/vial_10/constant_pause_motion_speed_80_pause_time_0.5/images
Processing images in: viscosity/large_dataset/data/vial_10/constant_pause_motion_speed_50_pause_time_0.5/images
Processing images in: viscosity/large_dataset/data/vial_10/constant_motion_speed_160/images
Processing images in: viscosity/large_dataset/data/vial_10/sinusoidal_motion_freq_1.00/images
Processing images in: viscosity/large_dataset/data/vial_10/constant_pause_motion_speed_160_pause_time_0.5/images
Processing images in: viscosity/large_dataset/data/vial_10/constant_motion_speed_80/images
Processing images in: viscosity/large_dataset/data/vial_10/sinusoidal_motion_freq_.50/images
Processing images in: viscosity/large_dataset/data/vial_10/sinusoidal_motion_freq_.25/images
Processing images in: viscosity/large_dataset/data/vial_10/constant_pause_motion_speed_20_pause_time_0.5/images
Processing images in: viscosity/large_dataset/data/vial_10/constant_pause_motion_speed_120_pause_time_0.5/images
Processing images in: viscosity/large_dataset/data/vial_10/sinusoidal_motion_freq_.33/images
Processing images in: viscosity/large_dataset/data/vial_10/constant_motion_speed_20/images
Processing images in: viscosity/large_dataset/data/vial_21/constant_motion_speed_50/images
Processing images in: viscosity/large_dataset/data/vial_21/constant_motion_speed_120/images
Processing images in: viscosity/large_dataset/data/vial_21/sinusoidal_motion_freq_.20/images
Processing images in: viscosity/large_dataset/data/vial_21/constant_pause_motion_speed_80_pause_time_0.5/images
Processing images in: viscosity/large_dataset/data/vial_21/constant_pause_motion_speed_50_pause_time_0.5/images
Processing images in: viscosity/large_dataset/data/vial_21/constant_motion_speed_160/images
Processing images in: viscosity/large_dataset/data/vial_21/sinusoidal_motion_freq_1.00/images
Processing images in: viscosity/large_dataset/data/vial_21/constant_pause_motion_speed_160_pause_time_0.5/images
Processing images in: viscosity/large_dataset/data/vial_21/constant_motion_speed_80/images
Processing images in: viscosity/large_dataset/data/vial_21/sinusoidal_motion_freq_.50/images
Processing images in: viscosity/large_dataset/data/vial_21/sinusoidal_motion_freq_.25/images
Processing images in: viscosity/large_dataset/data/vial_21/constant_pause_motion_speed_20_pause_time_0.5/images
Processing images in: viscosity/large_dataset/data/vial_21/constant_pause_motion_speed_120_pause_time_0.5/images
Processing images in: viscosity/large_dataset/data/vial_21/sinusoidal_motion_freq_.33/images
Processing images in: viscosity/large_dataset/data/vial_21/constant_motion_speed_20/images
Processing images in: viscosity/large_dataset/data/vial_13/constant_motion_speed_50/images
Processing images in: viscosity/large_dataset/data/vial_13/constant_motion_speed_120/images
Processing images in: viscosity/large_dataset/data/vial_13/sinusoidal_motion_freq_.20/images
Processing images in: viscosity/large_dataset/data/vial_13/constant_pause_motion_speed_80_pause_time_0.5/images
Processing images in: viscosity/large_dataset/data/vial_13/constant_pause_motion_speed_50_pause_time_0.5/images
Processing images in: viscosity/large_dataset/data/vial_13/constant_motion_speed_160/images
Processing images in: viscosity/large_dataset/data/vial_13/sinusoidal_motion_freq_1.00/images
Processing images in: viscosity/large_dataset/data/vial_13/constant_pause_motion_speed_160_pause_time_0.5/images
Processing images in: viscosity/large_dataset/data/vial_13/constant_motion_speed_80/images
Processing images in: viscosity/large_dataset/data/vial_13/sinusoidal_motion_freq_.50/images
Processing images in: viscosity/large_dataset/data/vial_13/sinusoidal_motion_freq_.25/images
Processing images in: viscosity/large_dataset/data/vial_13/constant_pause_motion_speed_20_pause_time_0.5/images
Processing images in: viscosity/large_dataset/data/vial_13/constant_pause_motion_speed_120_pause_time_0.5/images
Processing images in: viscosity/large_dataset/data/vial_13/sinusoidal_motion_freq_.33/images
Processing images in: viscosity/large_dataset/data/vial_13/constant_motion_speed_20/images
Processing images in: viscosity/large_dataset/data/vial_19/constant_motion_speed_50/images
Processing images in: viscosity/large_dataset/data/vial_19/constant_motion_speed_120/images
Processing images in: viscosity/large_dataset/data/vial_19/sinusoidal_motion_freq_.20/images
Processing images in: viscosity/large_dataset/data/vial_19/constant_pause_motion_speed_80_pause_time_0.5/images
Processing images in: viscosity/large_dataset/data/vial_19/constant_pause_motion_speed_50_pause_time_0.5/images
Processing images in: viscosity/large_dataset/data/vial_19/constant_motion_speed_160/images
Processing images in: viscosity/large_dataset/data/vial_19/sinusoidal_motion_freq_1.00/images
Processing images in: viscosity/large_dataset/data/vial_19/constant_pause_motion_speed_160_pause_time_0.5/images
Processing images in: viscosity/large_dataset/data/vial_19/constant_motion_speed_80/images
Processing images in: viscosity/large_dataset/data/vial_19/sinusoidal_motion_freq_.50/images
Processing images in: viscosity/large_dataset/data/vial_19/sinusoidal_motion_freq_.25/images
Processing images in: viscosity/large_dataset/data/vial_19/constant_pause_motion_speed_20_pause_time_0.5/images
Processing images in: viscosity/large_dataset/data/vial_19/constant_pause_motion_speed_120_pause_time_0.5/images
Processing images in: viscosity/large_dataset/data/vial_19/sinusoidal_motion_freq_.33/images
Processing images in: viscosity/large_dataset/data/vial_19/constant_motion_speed_20/images
Processing images in: viscosity/large_dataset/data/vial_6/constant_motion_speed_50/images
Processing images in: viscosity/large_dataset/data/vial_6/constant_motion_speed_120/images
Processing images in: viscosity/large_dataset/data/vial_6/sinusoidal_motion_freq_.20/images
Processing images in: viscosity/large_dataset/data/vial_6/constant_pause_motion_speed_80_pause_time_0.5/images
Processing images in: viscosity/large_dataset/data/vial_6/constant_pause_motion_speed_50_pause_time_0.5/images
Processing images in: viscosity/large_dataset/data/vial_6/constant_motion_speed_160/images
Processing images in: viscosity/large_dataset/data/vial_6/sinusoidal_motion_freq_1.00/images
Processing images in: viscosity/large_dataset/data/vial_6/constant_pause_motion_speed_160_pause_time_0.5/images
Processing images in: viscosity/large_dataset/data/vial_6/constant_motion_speed_80/images
Processing images in: viscosity/large_dataset/data/vial_6/sinusoidal_motion_freq_.50/images
Processing images in: viscosity/large_dataset/data/vial_6/sinusoidal_motion_freq_.25/images
Processing images in: viscosity/large_dataset/data/vial_6/constant_pause_motion_speed_20_pause_time_0.5/images
Processing images in: viscosity/large_dataset/data/vial_6/constant_pause_motion_speed_120_pause_time_0.5/images
Processing images in: viscosity/large_dataset/data/vial_6/sinusoidal_motion_freq_.33/images
Processing images in: viscosity/large_dataset/data/vial_6/constant_motion_speed_20/images
Processing images in: viscosity/large_dataset/data/vial_01/constant_motion_speed_50/images
Processing images in: viscosity/large_dataset/data/vial_01/constant_motion_speed_120/images
Processing images in: viscosity/large_dataset/data/vial_01/sinusoidal_motion_freq_.20/images
Processing images in: viscosity/large_dataset/data/vial_01/constant_pause_motion_speed_80_pause_time_0.5/images
Processing images in: viscosity/large_dataset/data/vial_01/constant_pause_motion_speed_50_pause_time_0.5/images
Processing images in: viscosity/large_dataset/data/vial_01/constant_motion_speed_160/images
Processing images in: viscosity/large_dataset/data/vial_01/sinusoidal_motion_freq_1.00/images
Processing images in: viscosity/large_dataset/data/vial_01/constant_pause_motion_speed_160_pause_time_0.5/images
Processing images in: viscosity/large_dataset/data/vial_01/constant_motion_speed_80/images
Processing images in: viscosity/large_dataset/data/vial_01/sinusoidal_motion_freq_.50/images
Processing images in: viscosity/large_dataset/data/vial_01/sinusoidal_motion_freq_.25/images
Processing images in: viscosity/large_dataset/data/vial_01/constant_pause_motion_speed_20_pause_time_0.5/images
Processing images in: viscosity/large_dataset/data/vial_01/constant_pause_motion_speed_120_pause_time_0.5/images
Processing images in: viscosity/large_dataset/data/vial_01/sinusoidal_motion_freq_.33/images
Processing images in: viscosity/large_dataset/data/vial_01/constant_motion_speed_20/images
Processing images in: viscosity/large_dataset/data/vial_15/constant_motion_speed_50/images
Processing images in: viscosity/large_dataset/data/vial_15/constant_motion_speed_120/images
Processing images in: viscosity/large_dataset/data/vial_15/sinusoidal_motion_freq_.20/images
Processing images in: viscosity/large_dataset/data/vial_15/constant_pause_motion_speed_80_pause_time_0.5/images
Processing images in: viscosity/large_dataset/data/vial_15/constant_pause_motion_speed_50_pause_time_0.5/images
Processing images in: viscosity/large_dataset/data/vial_15/constant_motion_speed_160/images
Processing images in: viscosity/large_dataset/data/vial_15/sinusoidal_motion_freq_1.00/images
Processing images in: viscosity/large_dataset/data/vial_15/constant_pause_motion_speed_160_pause_time_0.5/images
Processing images in: viscosity/large_dataset/data/vial_15/constant_motion_speed_80/images
Processing images in: viscosity/large_dataset/data/vial_15/sinusoidal_motion_freq_.50/images
Processing images in: viscosity/large_dataset/data/vial_15/sinusoidal_motion_freq_.25/images
Processing images in: viscosity/large_dataset/data/vial_15/constant_pause_motion_speed_20_pause_time_0.5/images
Processing images in: viscosity/large_dataset/data/vial_15/constant_pause_motion_speed_120_pause_time_0.5/images
Processing images in: viscosity/large_dataset/data/vial_15/sinusoidal_motion_freq_.33/images
Processing images in: viscosity/large_dataset/data/vial_15/constant_motion_speed_20/images
Processing images in: viscosity/large_dataset/data/vial_8/constant_motion_speed_50/images
Processing images in: viscosity/large_dataset/data/vial_8/constant_motion_speed_120/images
Processing images in: viscosity/large_dataset/data/vial_8/sinusoidal_motion_freq_.20/images
Processing images in: viscosity/large_dataset/data/vial_8/constant_pause_motion_speed_80_pause_time_0.5/images
Processing images in: viscosity/large_dataset/data/vial_8/constant_pause_motion_speed_50_pause_time_0.5/images
Processing images in: viscosity/large_dataset/data/vial_8/constant_motion_speed_160/images
Processing images in: viscosity/large_dataset/data/vial_8/sinusoidal_motion_freq_1.00/images
Processing images in: viscosity/large_dataset/data/vial_8/constant_pause_motion_speed_160_pause_time_0.5/images
Processing images in: viscosity/large_dataset/data/vial_8/constant_motion_speed_80/images
Processing images in: viscosity/large_dataset/data/vial_8/sinusoidal_motion_freq_.50/images
Processing images in: viscosity/large_dataset/data/vial_8/sinusoidal_motion_freq_.25/images
Processing images in: viscosity/large_dataset/data/vial_8/constant_pause_motion_speed_20_pause_time_0.5/images
Processing images in: viscosity/large_dataset/data/vial_8/constant_pause_motion_speed_120_pause_time_0.5/images
Processing images in: viscosity/large_dataset/data/vial_8/sinusoidal_motion_freq_.33/images
Processing images in: viscosity/large_dataset/data/vial_8/constant_motion_speed_20/images
Processing images in: viscosity/large_dataset/data/vial_18/constant_motion_speed_50/images
Processing images in: viscosity/large_dataset/data/vial_18/constant_motion_speed_120/images
Processing images in: viscosity/large_dataset/data/vial_18/sinusoidal_motion_freq_.20/images
Processing images in: viscosity/large_dataset/data/vial_18/constant_pause_motion_speed_80_pause_time_0.5/images
Processing images in: viscosity/large_dataset/data/vial_18/constant_pause_motion_speed_50_pause_time_0.5/images
Processing images in: viscosity/large_dataset/data/vial_18/constant_motion_speed_160/images
Processing images in: viscosity/large_dataset/data/vial_18/sinusoidal_motion_freq_1.00/images
Processing images in: viscosity/large_dataset/data/vial_18/constant_pause_motion_speed_160_pause_time_0.5/images
Processing images in: viscosity/large_dataset/data/vial_18/constant_motion_speed_80/images
Processing images in: viscosity/large_dataset/data/vial_18/sinusoidal_motion_freq_.50/images
Processing images in: viscosity/large_dataset/data/vial_18/sinusoidal_motion_freq_.25/images
Processing images in: viscosity/large_dataset/data/vial_18/constant_pause_motion_speed_20_pause_time_0.5/images
Processing images in: viscosity/large_dataset/data/vial_18/constant_pause_motion_speed_120_pause_time_0.5/images
Processing images in: viscosity/large_dataset/data/vial_18/sinusoidal_motion_freq_.33/images
Processing images in: viscosity/large_dataset/data/vial_18/constant_motion_speed_20/images
Processing images in: viscosity/large_dataset/data/vial_29/constant_motion_speed_50/images
Processing images in: viscosity/large_dataset/data/vial_29/constant_motion_speed_120/images
Processing images in: viscosity/large_dataset/data/vial_29/sinusoidal_motion_freq_.20/images
Processing images in: viscosity/large_dataset/data/vial_29/constant_pause_motion_speed_80_pause_time_0.5/images
Processing images in: viscosity/large_dataset/data/vial_29/constant_pause_motion_speed_50_pause_time_0.5/images
Processing images in: viscosity/large_dataset/data/vial_29/constant_motion_speed_160/images
Processing images in: viscosity/large_dataset/data/vial_29/sinusoidal_motion_freq_1.00/images
Processing images in: viscosity/large_dataset/data/vial_29/constant_pause_motion_speed_160_pause_time_0.5/images
Processing images in: viscosity/large_dataset/data/vial_29/constant_motion_speed_80/images
Processing images in: viscosity/large_dataset/data/vial_29/sinusoidal_motion_freq_.50/images
Processing images in: viscosity/large_dataset/data/vial_29/sinusoidal_motion_freq_.25/images
Processing images in: viscosity/large_dataset/data/vial_29/constant_pause_motion_speed_20_pause_time_0.5/images
Processing images in: viscosity/large_dataset/data/vial_29/constant_pause_motion_speed_120_pause_time_0.5/images
Processing images in: viscosity/large_dataset/data/vial_29/sinusoidal_motion_freq_.33/images
Processing images in: viscosity/large_dataset/data/vial_29/constant_motion_speed_20/images
Processing images in: viscosity/large_dataset/data/vial_31/constant_motion_speed_50/images
Processing images in: viscosity/large_dataset/data/vial_31/constant_motion_speed_120/images
Processing images in: viscosity/large_dataset/data/vial_31/sinusoidal_motion_freq_.20/images
Processing images in: viscosity/large_dataset/data/vial_31/constant_pause_motion_speed_80_pause_time_0.5/images
Processing images in: viscosity/large_dataset/data/vial_31/constant_pause_motion_speed_50_pause_time_0.5/images
Processing images in: viscosity/large_dataset/data/vial_31/constant_motion_speed_160/images
Processing images in: viscosity/large_dataset/data/vial_31/sinusoidal_motion_freq_1.00/images
Processing images in: viscosity/large_dataset/data/vial_31/constant_pause_motion_speed_160_pause_time_0.5/images
Processing images in: viscosity/large_dataset/data/vial_31/constant_motion_speed_80/images
Processing images in: viscosity/large_dataset/data/vial_31/sinusoidal_motion_freq_.50/images
Processing images in: viscosity/large_dataset/data/vial_31/sinusoidal_motion_freq_.25/images
Processing images in: viscosity/large_dataset/data/vial_31/constant_pause_motion_speed_20_pause_time_0.5/images
Processing images in: viscosity/large_dataset/data/vial_31/constant_pause_motion_speed_120_pause_time_0.5/images
Processing images in: viscosity/large_dataset/data/vial_31/sinusoidal_motion_freq_.33/images
Processing images in: viscosity/large_dataset/data/vial_31/constant_motion_speed_20/images
Processing images in: viscosity/large_dataset/data/vial_26/constant_motion_speed_50/images
Processing images in: viscosity/large_dataset/data/vial_26/constant_motion_speed_120/images
Processing images in: viscosity/large_dataset/data/vial_26/sinusoidal_motion_freq_.20/images
Processing images in: viscosity/large_dataset/data/vial_26/constant_pause_motion_speed_80_pause_time_0.5/images
Processing images in: viscosity/large_dataset/data/vial_26/constant_pause_motion_speed_50_pause_time_0.5/images
Processing images in: viscosity/large_dataset/data/vial_26/constant_motion_speed_160/images
Processing images in: viscosity/large_dataset/data/vial_26/sinusoidal_motion_freq_1.00/images
Processing images in: viscosity/large_dataset/data/vial_26/constant_pause_motion_speed_160_pause_time_0.5/images
Processing images in: viscosity/large_dataset/data/vial_26/constant_motion_speed_80/images
Processing images in: viscosity/large_dataset/data/vial_26/sinusoidal_motion_freq_.50/images
Processing images in: viscosity/large_dataset/data/vial_26/sinusoidal_motion_freq_.25/images
Processing images in: viscosity/large_dataset/data/vial_26/constant_pause_motion_speed_20_pause_time_0.5/images
Processing images in: viscosity/large_dataset/data/vial_26/constant_pause_motion_speed_120_pause_time_0.5/images
Processing images in: viscosity/large_dataset/data/vial_26/sinusoidal_motion_freq_.33/images
Processing images in: viscosity/large_dataset/data/vial_26/constant_motion_speed_20/images
Processing images in: viscosity/large_dataset/data/vial_12/constant_motion_speed_50/images
Processing images in: viscosity/large_dataset/data/vial_12/constant_motion_speed_120/images
Processing images in: viscosity/large_dataset/data/vial_12/sinusoidal_motion_freq_.20/images
Processing images in: viscosity/large_dataset/data/vial_12/constant_pause_motion_speed_80_pause_time_0.5/images
Processing images in: viscosity/large_dataset/data/vial_12/constant_pause_motion_speed_50_pause_time_0.5/images
Processing images in: viscosity/large_dataset/data/vial_12/constant_motion_speed_160/images
Processing images in: viscosity/large_dataset/data/vial_12/sinusoidal_motion_freq_1.00/images
Processing images in: viscosity/large_dataset/data/vial_12/constant_pause_motion_speed_160_pause_time_0.5/images
Processing images in: viscosity/large_dataset/data/vial_12/constant_motion_speed_80/images
Processing images in: viscosity/large_dataset/data/vial_12/sinusoidal_motion_freq_.50/images
Processing images in: viscosity/large_dataset/data/vial_12/sinusoidal_motion_freq_.25/images
Processing images in: viscosity/large_dataset/data/vial_12/constant_pause_motion_speed_20_pause_time_0.5/images
Processing images in: viscosity/large_dataset/data/vial_12/constant_pause_motion_speed_120_pause_time_0.5/images
Processing images in: viscosity/large_dataset/data/vial_12/sinusoidal_motion_freq_.33/images
Processing images in: viscosity/large_dataset/data/vial_12/constant_motion_speed_20/images
Processing images in: viscosity/large_dataset/data/vial_11/constant_motion_speed_50/images
Processing images in: viscosity/large_dataset/data/vial_11/constant_motion_speed_120/images
Processing images in: viscosity/large_dataset/data/vial_11/sinusoidal_motion_freq_.20/images
Processing images in: viscosity/large_dataset/data/vial_11/constant_pause_motion_speed_80_pause_time_0.5/images
Processing images in: viscosity/large_dataset/data/vial_11/constant_pause_motion_speed_50_pause_time_0.5/images
Processing images in: viscosity/large_dataset/data/vial_11/constant_motion_speed_160/images
Processing images in: viscosity/large_dataset/data/vial_11/sinusoidal_motion_freq_1.00/images
Processing images in: viscosity/large_dataset/data/vial_11/constant_pause_motion_speed_160_pause_time_0.5/images
Processing images in: viscosity/large_dataset/data/vial_11/constant_motion_speed_80/images
Processing images in: viscosity/large_dataset/data/vial_11/sinusoidal_motion_freq_.50/images
Processing images in: viscosity/large_dataset/data/vial_11/sinusoidal_motion_freq_.25/images
Processing images in: viscosity/large_dataset/data/vial_11/constant_pause_motion_speed_20_pause_time_0.5/images
Processing images in: viscosity/large_dataset/data/vial_11/constant_pause_motion_speed_120_pause_time_0.5/images
Processing images in: viscosity/large_dataset/data/vial_11/sinusoidal_motion_freq_.33/images
Processing images in: viscosity/large_dataset/data/vial_11/constant_motion_speed_20/images
Processing images in: viscosity/large_dataset/data/vial_25/constant_motion_speed_50/images
Processing images in: viscosity/large_dataset/data/vial_25/constant_motion_speed_120/images
Processing images in: viscosity/large_dataset/data/vial_25/sinusoidal_motion_freq_.20/images
Processing images in: viscosity/large_dataset/data/vial_25/constant_pause_motion_speed_80_pause_time_0.5/images
Processing images in: viscosity/large_dataset/data/vial_25/constant_pause_motion_speed_50_pause_time_0.5/images
Processing images in: viscosity/large_dataset/data/vial_25/constant_motion_speed_160/images
Processing images in: viscosity/large_dataset/data/vial_25/sinusoidal_motion_freq_1.00/images
Processing images in: viscosity/large_dataset/data/vial_25/constant_pause_motion_speed_160_pause_time_0.5/images
Processing images in: viscosity/large_dataset/data/vial_25/constant_motion_speed_80/images
Processing images in: viscosity/large_dataset/data/vial_25/sinusoidal_motion_freq_.50/images
Processing images in: viscosity/large_dataset/data/vial_25/sinusoidal_motion_freq_.25/images
Processing images in: viscosity/large_dataset/data/vial_25/constant_pause_motion_speed_20_pause_time_0.5/images
Processing images in: viscosity/large_dataset/data/vial_25/constant_pause_motion_speed_120_pause_time_0.5/images
Processing images in: viscosity/large_dataset/data/vial_25/sinusoidal_motion_freq_.33/images
Processing images in: viscosity/large_dataset/data/vial_25/constant_motion_speed_20/images
Processing images in: viscosity/large_dataset/data/vial_14/constant_motion_speed_50/images
Processing images in: viscosity/large_dataset/data/vial_14/constant_motion_speed_120/images
Processing images in: viscosity/large_dataset/data/vial_14/sinusoidal_motion_freq_.20/images
Processing images in: viscosity/large_dataset/data/vial_14/constant_pause_motion_speed_80_pause_time_0.5/images
Processing images in: viscosity/large_dataset/data/vial_14/constant_pause_motion_speed_50_pause_time_0.5/images
Processing images in: viscosity/large_dataset/data/vial_14/constant_motion_speed_160/images
Processing images in: viscosity/large_dataset/data/vial_14/sinusoidal_motion_freq_1.00/images
Processing images in: viscosity/large_dataset/data/vial_14/constant_pause_motion_speed_160_pause_time_0.5/images
Processing images in: viscosity/large_dataset/data/vial_14/constant_motion_speed_80/images
Processing images in: viscosity/large_dataset/data/vial_14/sinusoidal_motion_freq_.50/images
Processing images in: viscosity/large_dataset/data/vial_14/sinusoidal_motion_freq_.25/images
Processing images in: viscosity/large_dataset/data/vial_14/constant_pause_motion_speed_20_pause_time_0.5/images
Processing images in: viscosity/large_dataset/data/vial_14/constant_pause_motion_speed_120_pause_time_0.5/images
Processing images in: viscosity/large_dataset/data/vial_14/sinusoidal_motion_freq_.33/images
Processing images in: viscosity/large_dataset/data/vial_14/constant_motion_speed_20/images
Processing images in: viscosity/large_dataset/data/vial_24/constant_motion_speed_50/images
Processing images in: viscosity/large_dataset/data/vial_24/constant_motion_speed_120/images
Processing images in: viscosity/large_dataset/data/vial_24/sinusoidal_motion_freq_.20/images
Processing images in: viscosity/large_dataset/data/vial_24/constant_pause_motion_speed_80_pause_time_0.5/images
Processing images in: viscosity/large_dataset/data/vial_24/constant_pause_motion_speed_50_pause_time_0.5/images
Processing images in: viscosity/large_dataset/data/vial_24/constant_motion_speed_160/images
Processing images in: viscosity/large_dataset/data/vial_24/sinusoidal_motion_freq_1.00/images
Processing images in: viscosity/large_dataset/data/vial_24/constant_pause_motion_speed_160_pause_time_0.5/images
Processing images in: viscosity/large_dataset/data/vial_24/constant_motion_speed_80/images
Processing images in: viscosity/large_dataset/data/vial_24/sinusoidal_motion_freq_.50/images
Processing images in: viscosity/large_dataset/data/vial_24/sinusoidal_motion_freq_.25/images
Processing images in: viscosity/large_dataset/data/vial_24/constant_pause_motion_speed_20_pause_time_0.5/images
Processing images in: viscosity/large_dataset/data/vial_24/constant_pause_motion_speed_120_pause_time_0.5/images
Processing images in: viscosity/large_dataset/data/vial_24/sinusoidal_motion_freq_.33/images
Processing images in: viscosity/large_dataset/data/vial_24/constant_motion_speed_20/images
Processing images in: viscosity/large_dataset/data/vial_20/constant_motion_speed_50/images
Processing images in: viscosity/large_dataset/data/vial_20/constant_motion_speed_120/images
Processing images in: viscosity/large_dataset/data/vial_20/sinusoidal_motion_freq_.20/images
Processing images in: viscosity/large_dataset/data/vial_20/constant_pause_motion_speed_80_pause_time_0.5/images
Processing images in: viscosity/large_dataset/data/vial_20/constant_pause_motion_speed_50_pause_time_0.5/images
Processing images in: viscosity/large_dataset/data/vial_20/constant_motion_speed_160/images
Processing images in: viscosity/large_dataset/data/vial_20/sinusoidal_motion_freq_1.00/images
Processing images in: viscosity/large_dataset/data/vial_20/constant_pause_motion_speed_160_pause_time_0.5/images
Processing images in: viscosity/large_dataset/data/vial_20/constant_motion_speed_80/images
Processing images in: viscosity/large_dataset/data/vial_20/sinusoidal_motion_freq_.50/images
Processing images in: viscosity/large_dataset/data/vial_20/sinusoidal_motion_freq_.25/images
Processing images in: viscosity/large_dataset/data/vial_20/constant_pause_motion_speed_20_pause_time_0.5/images
Processing images in: viscosity/large_dataset/data/vial_20/constant_pause_motion_speed_120_pause_time_0.5/images
Processing images in: viscosity/large_dataset/data/vial_20/sinusoidal_motion_freq_.33/images
Processing images in: viscosity/large_dataset/data/vial_20/constant_motion_speed_20/images
Processing images in: viscosity/large_dataset/data/vial_27/constant_motion_speed_50/images
Processing images in: viscosity/large_dataset/data/vial_27/constant_motion_speed_120/images
Processing images in: viscosity/large_dataset/data/vial_27/sinusoidal_motion_freq_.20/images
Processing images in: viscosity/large_dataset/data/vial_27/constant_pause_motion_speed_80_pause_time_0.5/images
Processing images in: viscosity/large_dataset/data/vial_27/constant_pause_motion_speed_50_pause_time_0.5/images
Processing images in: viscosity/large_dataset/data/vial_27/constant_motion_speed_160/images
Processing images in: viscosity/large_dataset/data/vial_27/sinusoidal_motion_freq_1.00/images
Processing images in: viscosity/large_dataset/data/vial_27/constant_pause_motion_speed_160_pause_time_0.5/images
Processing images in: viscosity/large_dataset/data/vial_27/constant_motion_speed_80/images
Processing images in: viscosity/large_dataset/data/vial_27/sinusoidal_motion_freq_.50/images
Processing images in: viscosity/large_dataset/data/vial_27/sinusoidal_motion_freq_.25/images
Processing images in: viscosity/large_dataset/data/vial_27/constant_pause_motion_speed_20_pause_time_0.5/images
Processing images in: viscosity/large_dataset/data/vial_27/constant_pause_motion_speed_120_pause_time_0.5/images
Processing images in: viscosity/large_dataset/data/vial_27/sinusoidal_motion_freq_.33/images
Processing images in: viscosity/large_dataset/data/vial_27/constant_motion_speed_20/images
Processing images in: viscosity/large_dataset/data/vial_23/constant_motion_speed_50/images
Processing images in: viscosity/large_dataset/data/vial_23/constant_motion_speed_120/images
Processing images in: viscosity/large_dataset/data/vial_23/sinusoidal_motion_freq_.20/images
Processing images in: viscosity/large_dataset/data/vial_23/constant_pause_motion_speed_80_pause_time_0.5/images
Processing images in: viscosity/large_dataset/data/vial_23/constant_pause_motion_speed_50_pause_time_0.5/images
Processing images in: viscosity/large_dataset/data/vial_23/constant_motion_speed_160/images
Processing images in: viscosity/large_dataset/data/vial_23/sinusoidal_motion_freq_1.00/images
Processing images in: viscosity/large_dataset/data/vial_23/constant_pause_motion_speed_160_pause_time_0.5/images
Processing images in: viscosity/large_dataset/data/vial_23/constant_motion_speed_80/images
Processing images in: viscosity/large_dataset/data/vial_23/sinusoidal_motion_freq_.50/images
Processing images in: viscosity/large_dataset/data/vial_23/sinusoidal_motion_freq_.25/images
Processing images in: viscosity/large_dataset/data/vial_23/constant_pause_motion_speed_20_pause_time_0.5/images
Processing images in: viscosity/large_dataset/data/vial_23/constant_pause_motion_speed_120_pause_time_0.5/images
Processing images in: viscosity/large_dataset/data/vial_23/sinusoidal_motion_freq_.33/images
Processing images in: viscosity/large_dataset/data/vial_23/constant_motion_speed_20/images
Processing images in: viscosity/large_dataset/data/vial_22/constant_motion_speed_50/images
Processing images in: viscosity/large_dataset/data/vial_22/constant_motion_speed_120/images
Processing images in: viscosity/large_dataset/data/vial_22/sinusoidal_motion_freq_.20/images
Processing images in: viscosity/large_dataset/data/vial_22/constant_pause_motion_speed_80_pause_time_0.5/images
Processing images in: viscosity/large_dataset/data/vial_22/constant_pause_motion_speed_50_pause_time_0.5/images
Processing images in: viscosity/large_dataset/data/vial_22/constant_motion_speed_160/images
Processing images in: viscosity/large_dataset/data/vial_22/sinusoidal_motion_freq_1.00/images
Processing images in: viscosity/large_dataset/data/vial_22/constant_pause_motion_speed_160_pause_time_0.5/images
Processing images in: viscosity/large_dataset/data/vial_22/constant_motion_speed_80/images
Processing images in: viscosity/large_dataset/data/vial_22/sinusoidal_motion_freq_.50/images
Processing images in: viscosity/large_dataset/data/vial_22/sinusoidal_motion_freq_.25/images
Processing images in: viscosity/large_dataset/data/vial_22/constant_pause_motion_speed_20_pause_time_0.5/images
Processing images in: viscosity/large_dataset/data/vial_22/constant_pause_motion_speed_120_pause_time_0.5/images
Processing images in: viscosity/large_dataset/data/vial_22/sinusoidal_motion_freq_.33/images
Processing images in: viscosity/large_dataset/data/vial_22/constant_motion_speed_20/images
Processing images in: viscosity/large_dataset/data/vial_7/constant_motion_speed_50/images
Processing images in: viscosity/large_dataset/data/vial_7/constant_motion_speed_120/images
Processing images in: viscosity/large_dataset/data/vial_7/sinusoidal_motion_freq_.20/images
Processing images in: viscosity/large_dataset/data/vial_7/constant_pause_motion_speed_80_pause_time_0.5/images
Processing images in: viscosity/large_dataset/data/vial_7/constant_pause_motion_speed_50_pause_time_0.5/images
Processing images in: viscosity/large_dataset/data/vial_7/constant_motion_speed_160/images
Processing images in: viscosity/large_dataset/data/vial_7/sinusoidal_motion_freq_1.00/images
Processing images in: viscosity/large_dataset/data/vial_7/constant_pause_motion_speed_160_pause_time_0.5/images
Processing images in: viscosity/large_dataset/data/vial_7/constant_motion_speed_80/images
Processing images in: viscosity/large_dataset/data/vial_7/sinusoidal_motion_freq_.50/images
Processing images in: viscosity/large_dataset/data/vial_7/sinusoidal_motion_freq_.25/images
Processing images in: viscosity/large_dataset/data/vial_7/constant_pause_motion_speed_20_pause_time_0.5/images
Processing images in: viscosity/large_dataset/data/vial_7/constant_pause_motion_speed_120_pause_time_0.5/images
Processing images in: viscosity/large_dataset/data/vial_7/sinusoidal_motion_freq_.33/images
Processing images in: viscosity/large_dataset/data/vial_7/constant_motion_speed_20/images
Processing complete!
